<?xml version="1.0" encoding="UTF-8"?>
<!-- Generated by org.testng.reporters.JUnitXMLReporter -->
<testsuite hostname="DESKTOP-TTSDGRR" ignored="18" name="Default test" tests="1" failures="0" timestamp="2023-03-06T20:01:47 IST" time="8.369" errors="0">
  <testcase name="TC_018_verifyIsEnabled" time="2.835" classname="SeleniumBasicCommands.SeleniumCommands"/>
  <testcase name="TC_017_verifyIsSelected" time="0.0" classname="SeleniumBasicCommands.SeleniumCommands">
    <ignored/>
  </testcase> <!-- TC_017_verifyIsSelected -->
  <testcase name="TC_013_verifyRefresh" time="0.0" classname="SeleniumBasicCommands.SeleniumCommands">
    <ignored/>
  </testcase> <!-- TC_013_verifyRefresh -->
  <testcase name="TC_015_verifyWebElementCommands" time="0.0" classname="SeleniumBasicCommands.SeleniumCommands">
    <ignored/>
  </testcase> <!-- TC_015_verifyWebElementCommands -->
  <testcase name="TC_012_verifyNavigateTo" time="0.0" classname="SeleniumBasicCommands.SeleniumCommands">
    <ignored/>
  </testcase> <!-- TC_012_verifyNavigateTo -->
  <testcase name="TC_005_verifyNewToursRegistrationI" time="0.0" classname="SeleniumBasicCommands.SeleniumCommands">
    <ignored/>
  </testcase> <!-- TC_005_verifyNewToursRegistrationI -->
  <testcase name="TC_005_verifyDemoWebShopLoginPage" time="0.0" classname="SeleniumBasicCommands.SeleniumCommands">
    <ignored/>
  </testcase> <!-- TC_005_verifyDemoWebShopLoginPage -->
  <testcase name="TC_010_verifyInstantDemoRequestForm" time="0.0" classname="SeleniumBasicCommands.SeleniumCommands">
    <ignored/>
  </testcase> <!-- TC_010_verifyInstantDemoRequestForm -->
  <testcase name="TC_008_verifySuccessfulFormSubmission" time="0.0" classname="SeleniumBasicCommands.SeleniumCommands">
    <ignored/>
  </testcase> <!-- TC_008_verifySuccessfulFormSubmission -->
  <testcase name="TC_006_verifyEmptyFieldValidation" time="0.0" classname="SeleniumBasicCommands.SeleniumCommands">
    <ignored/>
  </testcase> <!-- TC_006_verifyEmptyFieldValidation -->
  <testcase name="TC_007_verifyEmptyStateAndZipCode" time="0.0" classname="SeleniumBasicCommands.SeleniumCommands">
    <ignored/>
  </testcase> <!-- TC_007_verifyEmptyStateAndZipCode -->
  <testcase name="TC_001_verifyObsquraTitle" time="0.0" classname="SeleniumBasicCommands.SeleniumCommands">
    <ignored/>
  </testcase> <!-- TC_001_verifyObsquraTitle -->
  <testcase name="TC_016_verifyIsDisplayed" time="0.0" classname="SeleniumBasicCommands.SeleniumCommands">
    <ignored/>
  </testcase> <!-- TC_016_verifyIsDisplayed -->
  <testcase name="TC_009_verifyNewsLetterSubscribtionUsingCssSelector" time="0.0" classname="SeleniumBasicCommands.SeleniumCommands">
    <ignored/>
  </testcase> <!-- TC_009_verifyNewsLetterSubscribtionUsingCssSelector -->
  <testcase name="TC_004_verifyLocators" time="0.0" classname="SeleniumBasicCommands.SeleniumCommands">
    <ignored/>
  </testcase> <!-- TC_004_verifyLocators -->
  <testcase name="TC_014_verifyForwardAndBackwardNavigation" time="0.0" classname="SeleniumBasicCommands.SeleniumCommands">
    <ignored/>
  </testcase> <!-- TC_014_verifyForwardAndBackwardNavigation -->
  <testcase name="TC_011_verifyQuitAndClose" time="0.0" classname="SeleniumBasicCommands.SeleniumCommands">
    <ignored/>
  </testcase> <!-- TC_011_verifyQuitAndClose -->
  <testcase name="TC_002_verifySingleInputFieldMessage" time="0.0" classname="SeleniumBasicCommands.SeleniumCommands">
    <ignored/>
  </testcase> <!-- TC_002_verifySingleInputFieldMessage -->
  <testcase name="TC_003_verifyTwoInputFieldMessage" time="0.0" classname="SeleniumBasicCommands.SeleniumCommands">
    <ignored/>
  </testcase> <!-- TC_003_verifyTwoInputFieldMessage -->
</testsuite> <!-- Default test -->
