<?xml version="1.0" encoding="UTF-8"?>
<!-- Generated by org.testng.reporters.JUnitXMLReporter -->
<testsuite hostname="DESKTOP-TTSDGRR" ignored="31" name="Default test" tests="1" failures="0" timestamp="2023-03-13T20:51:58 IST" time="13.613" errors="0">
  <testcase name="TC_031_verifyDragableItems" time="4.914" classname="SeleniumBasicCommands.SeleniumCommands"/>
  <testcase name="TC_012_verifyNavigateTo" time="0.0" classname="SeleniumBasicCommands.SeleniumCommands">
    <ignored/>
  </testcase> <!-- TC_012_verifyNavigateTo -->
  <testcase name="TC_027_verifyDoubleClick" time="0.0" classname="SeleniumBasicCommands.SeleniumCommands">
    <ignored/>
  </testcase> <!-- TC_027_verifyDoubleClick -->
  <testcase name="TC_005_verifyNewToursRegistrationI" time="0.0" classname="SeleniumBasicCommands.SeleniumCommands">
    <ignored/>
  </testcase> <!-- TC_005_verifyNewToursRegistrationI -->
  <testcase name="TC_008_verifySuccessfulFormSubmission" time="0.0" classname="SeleniumBasicCommands.SeleniumCommands">
    <ignored/>
  </testcase> <!-- TC_008_verifySuccessfulFormSubmission -->
  <testcase name="TC_019_verifyTheMessageDisplayedInNewTab" time="0.0" classname="SeleniumBasicCommands.SeleniumCommands">
    <ignored/>
  </testcase> <!-- TC_019_verifyTheMessageDisplayedInNewTab -->
  <testcase name="TC_006_verifyEmptyFieldValidation" time="0.0" classname="SeleniumBasicCommands.SeleniumCommands">
    <ignored/>
  </testcase> <!-- TC_006_verifyEmptyFieldValidation -->
  <testcase name="TC_007_verifyEmptyStateAndZipCode" time="0.0" classname="SeleniumBasicCommands.SeleniumCommands">
    <ignored/>
  </testcase> <!-- TC_007_verifyEmptyStateAndZipCode -->
  <testcase name="TC_001_verifyObsquraTitle" time="0.0" classname="SeleniumBasicCommands.SeleniumCommands">
    <ignored/>
  </testcase> <!-- TC_001_verifyObsquraTitle -->
  <testcase name="TC_025_verifyTextInAFrame" time="0.0" classname="SeleniumBasicCommands.SeleniumCommands">
    <ignored/>
  </testcase> <!-- TC_025_verifyTextInAFrame -->
  <testcase name="TC_029_verifyDragAndDrop" time="0.0" classname="SeleniumBasicCommands.SeleniumCommands">
    <ignored/>
  </testcase> <!-- TC_029_verifyDragAndDrop -->
  <testcase name="TC_014_verifyForwardAndBackwardNavigation" time="0.0" classname="SeleniumBasicCommands.SeleniumCommands">
    <ignored/>
  </testcase> <!-- TC_014_verifyForwardAndBackwardNavigation -->
  <testcase name="TC_020_verifyTheMessageDisplayedInNewWindow" time="0.0" classname="SeleniumBasicCommands.SeleniumCommands">
    <ignored/>
  </testcase> <!-- TC_020_verifyTheMessageDisplayedInNewWindow -->
  <testcase name="TC_011_verifyQuitAndClose" time="0.0" classname="SeleniumBasicCommands.SeleniumCommands">
    <ignored/>
  </testcase> <!-- TC_011_verifyQuitAndClose -->
  <testcase name="TC_002_verifySingleInputFieldMessage" time="0.0" classname="SeleniumBasicCommands.SeleniumCommands">
    <ignored/>
  </testcase> <!-- TC_002_verifySingleInputFieldMessage -->
  <testcase name="TC_021_verifyTheMessageDisplayedInNewWindowMessage" time="0.0" classname="SeleniumBasicCommands.SeleniumCommands">
    <ignored/>
  </testcase> <!-- TC_021_verifyTheMessageDisplayedInNewWindowMessage -->
  <testcase name="TC_017_verifyIsSelected" time="0.0" classname="SeleniumBasicCommands.SeleniumCommands">
    <ignored/>
  </testcase> <!-- TC_017_verifyIsSelected -->
  <testcase name="TC_013_verifyRefresh" time="0.0" classname="SeleniumBasicCommands.SeleniumCommands">
    <ignored/>
  </testcase> <!-- TC_013_verifyRefresh -->
  <testcase name="TC_023_verifyConfirmAlert" time="0.0" classname="SeleniumBasicCommands.SeleniumCommands">
    <ignored/>
  </testcase> <!-- TC_023_verifyConfirmAlert -->
  <testcase name="TC_015_verifyWebElementCommands" time="0.0" classname="SeleniumBasicCommands.SeleniumCommands">
    <ignored/>
  </testcase> <!-- TC_015_verifyWebElementCommands -->
  <testcase name="TC_028_verifyMouseHover" time="0.0" classname="SeleniumBasicCommands.SeleniumCommands">
    <ignored/>
  </testcase> <!-- TC_028_verifyMouseHover -->
  <testcase name="TC_005_verifyDemoWebShopLoginPage" time="0.0" classname="SeleniumBasicCommands.SeleniumCommands">
    <ignored/>
  </testcase> <!-- TC_005_verifyDemoWebShopLoginPage -->
  <testcase name="TC_010_verifyInstantDemoRequestForm" time="0.0" classname="SeleniumBasicCommands.SeleniumCommands">
    <ignored/>
  </testcase> <!-- TC_010_verifyInstantDemoRequestForm -->
  <testcase name="TC_024_verifyPromptAlert" time="0.0" classname="SeleniumBasicCommands.SeleniumCommands">
    <ignored/>
  </testcase> <!-- TC_024_verifyPromptAlert -->
  <testcase name="TC_022_verifySimpleAlert" time="0.0" classname="SeleniumBasicCommands.SeleniumCommands">
    <ignored/>
  </testcase> <!-- TC_022_verifySimpleAlert -->
  <testcase name="TC_018_verifyIsEnabled" time="0.0" classname="SeleniumBasicCommands.SeleniumCommands">
    <ignored/>
  </testcase> <!-- TC_018_verifyIsEnabled -->
  <testcase name="TC_016_verifyIsDisplayed" time="0.0" classname="SeleniumBasicCommands.SeleniumCommands">
    <ignored/>
  </testcase> <!-- TC_016_verifyIsDisplayed -->
  <testcase name="TC_009_verifyNewsLetterSubscribtionUsingCssSelector" time="0.0" classname="SeleniumBasicCommands.SeleniumCommands">
    <ignored/>
  </testcase> <!-- TC_009_verifyNewsLetterSubscribtionUsingCssSelector -->
  <testcase name="TC_026_verifyRightClick" time="0.0" classname="SeleniumBasicCommands.SeleniumCommands">
    <ignored/>
  </testcase> <!-- TC_026_verifyRightClick -->
  <testcase name="TC_004_verifyLocators" time="0.0" classname="SeleniumBasicCommands.SeleniumCommands">
    <ignored/>
  </testcase> <!-- TC_004_verifyLocators -->
  <testcase name="TC_030_verifyDragAndDropByOffset" time="0.0" classname="SeleniumBasicCommands.SeleniumCommands">
    <ignored/>
  </testcase> <!-- TC_030_verifyDragAndDropByOffset -->
  <testcase name="TC_003_verifyTwoInputFieldMessage" time="0.0" classname="SeleniumBasicCommands.SeleniumCommands">
    <ignored/>
  </testcase> <!-- TC_003_verifyTwoInputFieldMessage -->
</testsuite> <!-- Default test -->
