<?xml version="1.0" encoding="UTF-8"?>
<testng-results skipped="0" failed="0" ignored="18" total="19" passed="1">
  <reporter-output>
  </reporter-output>
  <suite name="Default suite" duration-ms="8369" started-at="2023-03-06T20:01:38 IST" finished-at="2023-03-06T20:01:47 IST">
    <groups>
    </groups>
    <test name="Default test" duration-ms="8369" started-at="2023-03-06T20:01:38 IST" finished-at="2023-03-06T20:01:47 IST">
      <class name="SeleniumBasicCommands.SeleniumCommands">
        <test-method status="PASS" signature="setUp()[pri:0, instance:SeleniumBasicCommands.SeleniumCommands@cb51256]" name="setUp" is-config="true" duration-ms="5444" started-at="2023-03-06T20:01:38 IST" finished-at="2023-03-06T20:01:44 IST">
          <reporter-output>
          </reporter-output>
        </test-method> <!-- setUp -->
        <test-method status="PASS" signature="TC_018_verifyIsEnabled()[pri:0, instance:SeleniumBasicCommands.SeleniumCommands@cb51256]" name="TC_018_verifyIsEnabled" duration-ms="2835" started-at="2023-03-06T20:01:44 IST" finished-at="2023-03-06T20:01:47 IST">
          <reporter-output>
          </reporter-output>
        </test-method> <!-- TC_018_verifyIsEnabled -->
        <test-method status="PASS" signature="tearDown()[pri:0, instance:SeleniumBasicCommands.SeleniumCommands@cb51256]" name="tearDown" is-config="true" duration-ms="0" started-at="2023-03-06T20:01:47 IST" finished-at="2023-03-06T20:01:47 IST">
          <reporter-output>
          </reporter-output>
        </test-method> <!-- tearDown -->
      </class> <!-- SeleniumBasicCommands.SeleniumCommands -->
    </test> <!-- Default test -->
  </suite> <!-- Default suite -->
</testng-results>
