<?xml version="1.0" encoding="UTF-8"?>
<testng-results skipped="0" failed="0" ignored="31" total="32" passed="1">
  <reporter-output>
  </reporter-output>
  <suite name="Default suite" duration-ms="13613" started-at="2023-03-13T20:51:44 IST" finished-at="2023-03-13T20:51:58 IST">
    <groups>
    </groups>
    <test name="Default test" duration-ms="13613" started-at="2023-03-13T20:51:44 IST" finished-at="2023-03-13T20:51:58 IST">
      <class name="SeleniumBasicCommands.SeleniumCommands">
        <test-method status="PASS" signature="setUp()[pri:0, instance:SeleniumBasicCommands.SeleniumCommands@cb51256]" name="setUp" is-config="true" duration-ms="7457" started-at="2023-03-13T20:51:44 IST" finished-at="2023-03-13T20:51:52 IST">
          <reporter-output>
          </reporter-output>
        </test-method> <!-- setUp -->
        <test-method status="PASS" signature="TC_031_verifyDragableItems()[pri:0, instance:SeleniumBasicCommands.SeleniumCommands@cb51256]" name="TC_031_verifyDragableItems" duration-ms="4914" started-at="2023-03-13T20:51:52 IST" finished-at="2023-03-13T20:51:57 IST">
          <reporter-output>
          </reporter-output>
        </test-method> <!-- TC_031_verifyDragableItems -->
        <test-method status="PASS" signature="tearDown()[pri:0, instance:SeleniumBasicCommands.SeleniumCommands@cb51256]" name="tearDown" is-config="true" duration-ms="1190" started-at="2023-03-13T20:51:57 IST" finished-at="2023-03-13T20:51:58 IST">
          <reporter-output>
          </reporter-output>
        </test-method> <!-- tearDown -->
      </class> <!-- SeleniumBasicCommands.SeleniumCommands -->
    </test> <!-- Default test -->
  </suite> <!-- Default suite -->
</testng-results>
